nohup: 忽略输入
2025-06-06 21:31:39 INFO     Configuration loaded:
2025-06-06 21:31:39 INFO     {'data': {'datapath': '/root/ggg/DATA/data', 'train_cities': ['metr-la', 'pems-bay', 'shenzhen'], 'target_city': 'chengdu', 'seq_len': 12, 'horizons': [1], 'steps_per_day': 144, 'adaptation_days': 3}, 'model': {'n_layer': 6, 'n_head': 4, 'n_embd': 64, 'dropout': 0.1, 'bias': False, 'n_linear': 1, 'input_dim': 2, 'tod_embedding_dim': 10, 'dow_embedding_dim': 4, 'spatial_embedding_dim': 8, 'adaptive_embedding_dim': 8, 'output_dim': 1, 'temporal_layers': 2, 'spatial_layers': 2, 'blocksize': 8, 'blocknum': 4, 'factors': 1}, 'optimization': {'meta_lr': 5e-05, 'update_lr': 0.001, 'meta_epochs': 5, 'city_epochs': 1, 'test_epochs': 50, 'batch_size': 32, 'grad_clip': 1.0, 'weight_decay': 0, 'use_lora': True, 'lora_rank': 32, 'use_flash_attn': False, 'gradient_checkpointing': False, 'mixed_precision': True, 'dtype': 'float32'}, 'training': {'seed': 42, 'cuda': '0', 'eval_interval': 2, 'eval_only': False, 'enable_significance_test': True, 'num_test_runs': 5, 'domain_specific_params': ['value_mlp', 'value_transform']}, 'output': {'out_dir': 'out/improved_main', 'log_dir': 'logs', 'save_best': True, 'save_last': True}}
2025-06-06 21:31:39 INFO     使用input_dim=2，只使用交通数据特征
2025-06-06 21:31:39 INFO     自动生成时间特征: TOD=10, DOW=4
2025-06-06 21:32:11 INFO     Using limited data for target city chengdu: 3 days for adaptation
2025-06-06 21:32:45 INFO     Maximum blocknum across cities: 79
2025-06-06 21:32:45 INFO     Parameter groups - Shared: 12, Private: 54, Domain-specific: 0
2025-06-06 21:32:45 INFO     Model initialized with 0.30M parameters
2025-06-06 21:32:46 INFO     Parameter groups - Shared: 12, Private: 54, Domain-specific: 0
2025-06-06 21:32:46 INFO     Model initialized with 0.26M parameters
2025-06-06 21:32:47 INFO     Parameter groups - Shared: 12, Private: 54, Domain-specific: 0
2025-06-06 21:32:47 INFO     Model initialized with 0.27M parameters
2025-06-06 21:32:47 INFO     Parameter groups - Shared: 12, Private: 54, Domain-specific: 0
2025-06-06 21:32:47 INFO     Model initialized with 0.30M parameters
2025-06-06 21:32:47 INFO     Parameter groups - Shared: 12, Private: 54, Domain-specific: 0
2025-06-06 21:32:47 INFO     Model initialized with 0.29M parameters
2025-06-06 21:32:47 INFO     ========== Meta Epoch 1/5 ==========
2025-06-06 21:32:47 INFO     MetaEpoch: 1, City: metr-la, CityEpoch: 1/1
2025-06-06 21:33:25 INFO     MetaEpoch: 1, City: pems-bay, CityEpoch: 1/1
2025-06-06 21:34:51 INFO     MetaEpoch: 1, City: shenzhen, CityEpoch: 1/1
2025-06-06 21:35:48 INFO     MetaEpoch: 1, Target City: chengdu, TestEpoch: 1/50
2025-06-06 21:35:52 INFO     MetaEpoch: 1, Target City: chengdu, TestEpoch: 2/50
2025-06-06 21:35:57 INFO     Test_epoch 2, Horizon 1: Val MAE 2.41153, Val MAPE 10.49%
2025-06-06 21:35:57 INFO     Saving best checkpoint to out/improved_main/chengdu-s42_best.pth
2025-06-06 21:35:57 INFO     MetaEpoch: 1, Target City: chengdu, TestEpoch: 3/50
2025-06-06 21:36:00 INFO     MetaEpoch: 1, Target City: chengdu, TestEpoch: 4/50
2025-06-06 21:36:06 INFO     Test_epoch 4, Horizon 1: Val MAE 2.23228, Val MAPE 9.85%
2025-06-06 21:36:06 INFO     Saving best checkpoint to out/improved_main/chengdu-s42_best.pth
2025-06-06 21:36:06 INFO     MetaEpoch: 1, Target City: chengdu, TestEpoch: 5/50
2025-06-06 21:36:09 INFO     MetaEpoch: 1, Target City: chengdu, TestEpoch: 6/50
2025-06-06 21:36:14 INFO     Test_epoch 6, Horizon 1: Val MAE 2.23038, Val MAPE 9.80%
2025-06-06 21:36:14 INFO     Saving best checkpoint to out/improved_main/chengdu-s42_best.pth
2025-06-06 21:36:14 INFO     MetaEpoch: 1, Target City: chengdu, TestEpoch: 7/50
2025-06-06 21:36:17 INFO     MetaEpoch: 1, Target City: chengdu, TestEpoch: 8/50
2025-06-06 21:36:23 INFO     Test_epoch 8, Horizon 1: Val MAE 2.49535, Val MAPE 11.56%
2025-06-06 21:36:23 INFO     MetaEpoch: 1, Target City: chengdu, TestEpoch: 9/50
2025-06-06 21:36:26 INFO     MetaEpoch: 1, Target City: chengdu, TestEpoch: 10/50
2025-06-06 21:36:31 INFO     Test_epoch 10, Horizon 1: Val MAE 2.27080, Val MAPE 9.11%
2025-06-06 21:36:31 INFO     MetaEpoch: 1, Target City: chengdu, TestEpoch: 11/50
2025-06-06 21:36:34 INFO     MetaEpoch: 1, Target City: chengdu, TestEpoch: 12/50
2025-06-06 21:36:39 INFO     Test_epoch 12, Horizon 1: Val MAE 2.14739, Val MAPE 8.75%
2025-06-06 21:36:39 INFO     Saving best checkpoint to out/improved_main/chengdu-s42_best.pth
2025-06-06 21:36:39 INFO     MetaEpoch: 1, Target City: chengdu, TestEpoch: 13/50
2025-06-06 21:36:42 INFO     MetaEpoch: 1, Target City: chengdu, TestEpoch: 14/50
2025-06-06 21:36:48 INFO     Test_epoch 14, Horizon 1: Val MAE 2.15338, Val MAPE 8.76%
2025-06-06 21:36:48 INFO     MetaEpoch: 1, Target City: chengdu, TestEpoch: 15/50
2025-06-06 21:36:51 INFO     MetaEpoch: 1, Target City: chengdu, TestEpoch: 16/50
2025-06-06 21:36:56 INFO     Test_epoch 16, Horizon 1: Val MAE 2.10074, Val MAPE 8.65%
2025-06-06 21:36:56 INFO     Saving best checkpoint to out/improved_main/chengdu-s42_best.pth
2025-06-06 21:36:56 INFO     MetaEpoch: 1, Target City: chengdu, TestEpoch: 17/50
2025-06-06 21:36:59 INFO     MetaEpoch: 1, Target City: chengdu, TestEpoch: 18/50
2025-06-06 21:37:05 INFO     Test_epoch 18, Horizon 1: Val MAE 2.07495, Val MAPE 8.79%
2025-06-06 21:37:05 INFO     Saving best checkpoint to out/improved_main/chengdu-s42_best.pth
2025-06-06 21:37:05 INFO     MetaEpoch: 1, Target City: chengdu, TestEpoch: 19/50
2025-06-06 21:37:08 INFO     MetaEpoch: 1, Target City: chengdu, TestEpoch: 20/50
2025-06-06 21:37:13 INFO     Test_epoch 20, Horizon 1: Val MAE 2.06339, Val MAPE 8.74%
2025-06-06 21:37:13 INFO     Saving best checkpoint to out/improved_main/chengdu-s42_best.pth
2025-06-06 21:37:13 INFO     MetaEpoch: 1, Target City: chengdu, TestEpoch: 21/50
2025-06-06 21:37:16 INFO     MetaEpoch: 1, Target City: chengdu, TestEpoch: 22/50
2025-06-06 21:37:21 INFO     Test_epoch 22, Horizon 1: Val MAE 2.08512, Val MAPE 8.62%
2025-06-06 21:37:21 INFO     MetaEpoch: 1, Target City: chengdu, TestEpoch: 23/50
2025-06-06 21:37:24 INFO     MetaEpoch: 1, Target City: chengdu, TestEpoch: 24/50
2025-06-06 21:37:30 INFO     Test_epoch 24, Horizon 1: Val MAE 2.08262, Val MAPE 8.61%
2025-06-06 21:37:30 INFO     MetaEpoch: 1, Target City: chengdu, TestEpoch: 25/50
2025-06-06 21:37:33 INFO     MetaEpoch: 1, Target City: chengdu, TestEpoch: 26/50
2025-06-06 21:37:38 INFO     Test_epoch 26, Horizon 1: Val MAE 2.10820, Val MAPE 8.67%
2025-06-06 21:37:38 INFO     MetaEpoch: 1, Target City: chengdu, TestEpoch: 27/50
2025-06-06 21:37:41 INFO     MetaEpoch: 1, Target City: chengdu, TestEpoch: 28/50
2025-06-06 21:37:46 INFO     Test_epoch 28, Horizon 1: Val MAE 2.07312, Val MAPE 8.71%
2025-06-06 21:37:46 INFO     MetaEpoch: 1, Target City: chengdu, TestEpoch: 29/50
2025-06-06 21:37:49 INFO     MetaEpoch: 1, Target City: chengdu, TestEpoch: 30/50
2025-06-06 21:37:55 INFO     Test_epoch 30, Horizon 1: Val MAE 2.07253, Val MAPE 8.72%
2025-06-06 21:37:55 INFO     MetaEpoch: 1, Target City: chengdu, TestEpoch: 31/50
2025-06-06 21:37:58 INFO     MetaEpoch: 1, Target City: chengdu, TestEpoch: 32/50
2025-06-06 21:38:03 INFO     Test_epoch 32, Horizon 1: Val MAE 2.08892, Val MAPE 8.93%
2025-06-06 21:38:03 INFO     MetaEpoch: 1, Target City: chengdu, TestEpoch: 33/50
2025-06-06 21:38:06 INFO     MetaEpoch: 1, Target City: chengdu, TestEpoch: 34/50
2025-06-06 21:38:11 INFO     Test_epoch 34, Horizon 1: Val MAE 2.07656, Val MAPE 8.70%
2025-06-06 21:38:11 INFO     MetaEpoch: 1, Target City: chengdu, TestEpoch: 35/50
2025-06-06 21:38:14 INFO     MetaEpoch: 1, Target City: chengdu, TestEpoch: 36/50
2025-06-06 21:38:20 INFO     Test_epoch 36, Horizon 1: Val MAE 2.06159, Val MAPE 8.62%
2025-06-06 21:38:20 INFO     Saving best checkpoint to out/improved_main/chengdu-s42_best.pth
2025-06-06 21:38:20 INFO     MetaEpoch: 1, Target City: chengdu, TestEpoch: 37/50
2025-06-06 21:38:23 INFO     MetaEpoch: 1, Target City: chengdu, TestEpoch: 38/50
2025-06-06 21:38:28 INFO     Test_epoch 38, Horizon 1: Val MAE 2.07589, Val MAPE 8.61%
2025-06-06 21:38:28 INFO     MetaEpoch: 1, Target City: chengdu, TestEpoch: 39/50
2025-06-06 21:38:31 INFO     MetaEpoch: 1, Target City: chengdu, TestEpoch: 40/50
2025-06-06 21:38:36 INFO     Test_epoch 40, Horizon 1: Val MAE 2.06450, Val MAPE 8.62%
2025-06-06 21:38:36 INFO     MetaEpoch: 1, Target City: chengdu, TestEpoch: 41/50
2025-06-06 21:38:39 INFO     MetaEpoch: 1, Target City: chengdu, TestEpoch: 42/50
2025-06-06 21:38:45 INFO     Test_epoch 42, Horizon 1: Val MAE 2.07251, Val MAPE 8.90%
2025-06-06 21:38:45 INFO     MetaEpoch: 1, Target City: chengdu, TestEpoch: 43/50
2025-06-06 21:38:48 INFO     MetaEpoch: 1, Target City: chengdu, TestEpoch: 44/50
2025-06-06 21:38:53 INFO     Test_epoch 44, Horizon 1: Val MAE 2.06176, Val MAPE 8.59%
2025-06-06 21:38:53 INFO     MetaEpoch: 1, Target City: chengdu, TestEpoch: 45/50
2025-06-06 21:38:56 INFO     MetaEpoch: 1, Target City: chengdu, TestEpoch: 46/50
2025-06-06 21:39:01 INFO     Test_epoch 46, Horizon 1: Val MAE 2.07743, Val MAPE 8.60%
2025-06-06 21:39:01 INFO     MetaEpoch: 1, Target City: chengdu, TestEpoch: 47/50
2025-06-06 21:39:04 INFO     MetaEpoch: 1, Target City: chengdu, TestEpoch: 48/50
2025-06-06 21:39:10 INFO     Test_epoch 48, Horizon 1: Val MAE 2.07385, Val MAPE 8.59%
2025-06-06 21:39:10 INFO     MetaEpoch: 1, Target City: chengdu, TestEpoch: 49/50
2025-06-06 21:39:13 INFO     MetaEpoch: 1, Target City: chengdu, TestEpoch: 50/50
2025-06-06 21:39:18 INFO     Test_epoch 50, Horizon 1: Val MAE 2.11233, Val MAPE 8.73%
2025-06-06 21:39:18 INFO     ========== Meta Epoch 2/5 ==========
2025-06-06 21:39:18 INFO     MetaEpoch: 2, City: metr-la, CityEpoch: 1/1
2025-06-06 21:39:58 INFO     MetaEpoch: 2, City: metr-la, Horizon: 1, Val MAE: 2.31499, Val MAPE: 4.90%
2025-06-06 21:39:58 INFO     MetaEpoch: 2, City: pems-bay, CityEpoch: 1/1
2025-06-06 21:41:29 INFO     MetaEpoch: 2, City: pems-bay, Horizon: 1, Val MAE: 0.89838, Val MAPE: 1.54%
2025-06-06 21:41:29 INFO     MetaEpoch: 2, City: shenzhen, CityEpoch: 1/1
2025-06-06 21:42:29 INFO     MetaEpoch: 2, City: shenzhen, Horizon: 1, Val MAE: 1.79409, Val MAPE: 7.05%
2025-06-06 21:42:29 INFO     MetaEpoch: 2, Target City: chengdu, TestEpoch: 1/50
2025-06-06 21:42:32 INFO     MetaEpoch: 2, Target City: chengdu, TestEpoch: 2/50
2025-06-06 21:42:38 INFO     Test_epoch 2, Horizon 1: Val MAE 3.09532, Val MAPE 11.92%
2025-06-06 21:42:38 INFO     MetaEpoch: 2, Target City: chengdu, TestEpoch: 3/50
2025-06-06 21:42:41 INFO     MetaEpoch: 2, Target City: chengdu, TestEpoch: 4/50
2025-06-06 21:42:46 INFO     Test_epoch 4, Horizon 1: Val MAE 2.17552, Val MAPE 9.32%
2025-06-06 21:42:46 INFO     MetaEpoch: 2, Target City: chengdu, TestEpoch: 5/50
2025-06-06 21:42:49 INFO     MetaEpoch: 2, Target City: chengdu, TestEpoch: 6/50
2025-06-06 21:42:55 INFO     Test_epoch 6, Horizon 1: Val MAE 2.18961, Val MAPE 9.13%
2025-06-06 21:42:55 INFO     MetaEpoch: 2, Target City: chengdu, TestEpoch: 7/50
2025-06-06 21:42:58 INFO     MetaEpoch: 2, Target City: chengdu, TestEpoch: 8/50
2025-06-06 21:43:03 INFO     Test_epoch 8, Horizon 1: Val MAE 2.13486, Val MAPE 8.77%
2025-06-06 21:43:03 INFO     MetaEpoch: 2, Target City: chengdu, TestEpoch: 9/50
2025-06-06 21:43:06 INFO     MetaEpoch: 2, Target City: chengdu, TestEpoch: 10/50
2025-06-06 21:43:11 INFO     Test_epoch 10, Horizon 1: Val MAE 2.27386, Val MAPE 10.32%
2025-06-06 21:43:11 INFO     MetaEpoch: 2, Target City: chengdu, TestEpoch: 11/50
2025-06-06 21:43:14 INFO     MetaEpoch: 2, Target City: chengdu, TestEpoch: 12/50
2025-06-06 21:43:20 INFO     Test_epoch 12, Horizon 1: Val MAE 2.17182, Val MAPE 9.68%
2025-06-06 21:43:20 INFO     MetaEpoch: 2, Target City: chengdu, TestEpoch: 13/50
2025-06-06 21:43:23 INFO     MetaEpoch: 2, Target City: chengdu, TestEpoch: 14/50
2025-06-06 21:43:28 INFO     Test_epoch 14, Horizon 1: Val MAE 2.14255, Val MAPE 9.12%
2025-06-06 21:43:28 INFO     MetaEpoch: 2, Target City: chengdu, TestEpoch: 15/50
2025-06-06 21:43:31 INFO     MetaEpoch: 2, Target City: chengdu, TestEpoch: 16/50
2025-06-06 21:43:36 INFO     Test_epoch 16, Horizon 1: Val MAE 2.14719, Val MAPE 9.02%
2025-06-06 21:43:36 INFO     MetaEpoch: 2, Target City: chengdu, TestEpoch: 17/50
2025-06-06 21:43:39 INFO     MetaEpoch: 2, Target City: chengdu, TestEpoch: 18/50
2025-06-06 21:43:45 INFO     Test_epoch 18, Horizon 1: Val MAE 2.08826, Val MAPE 8.69%
2025-06-06 21:43:45 INFO     MetaEpoch: 2, Target City: chengdu, TestEpoch: 19/50
2025-06-06 21:43:48 INFO     MetaEpoch: 2, Target City: chengdu, TestEpoch: 20/50
2025-06-06 21:43:53 INFO     Test_epoch 20, Horizon 1: Val MAE 2.10076, Val MAPE 8.87%
2025-06-06 21:43:53 INFO     MetaEpoch: 2, Target City: chengdu, TestEpoch: 21/50
2025-06-06 21:43:56 INFO     MetaEpoch: 2, Target City: chengdu, TestEpoch: 22/50
2025-06-06 21:44:01 INFO     Test_epoch 22, Horizon 1: Val MAE 2.10818, Val MAPE 8.99%
2025-06-06 21:44:01 INFO     MetaEpoch: 2, Target City: chengdu, TestEpoch: 23/50
2025-06-06 21:44:04 INFO     MetaEpoch: 2, Target City: chengdu, TestEpoch: 24/50
2025-06-06 21:44:10 INFO     Test_epoch 24, Horizon 1: Val MAE 2.09900, Val MAPE 8.95%
2025-06-06 21:44:10 INFO     MetaEpoch: 2, Target City: chengdu, TestEpoch: 25/50
2025-06-06 21:44:13 INFO     MetaEpoch: 2, Target City: chengdu, TestEpoch: 26/50
2025-06-06 21:44:18 INFO     Test_epoch 26, Horizon 1: Val MAE 2.09168, Val MAPE 8.92%
2025-06-06 21:44:18 INFO     MetaEpoch: 2, Target City: chengdu, TestEpoch: 27/50
2025-06-06 21:44:21 INFO     MetaEpoch: 2, Target City: chengdu, TestEpoch: 28/50
2025-06-06 21:44:27 INFO     Test_epoch 28, Horizon 1: Val MAE 2.08943, Val MAPE 8.90%
2025-06-06 21:44:27 INFO     MetaEpoch: 2, Target City: chengdu, TestEpoch: 29/50
2025-06-06 21:44:30 INFO     MetaEpoch: 2, Target City: chengdu, TestEpoch: 30/50
2025-06-06 21:44:35 INFO     Test_epoch 30, Horizon 1: Val MAE 2.08645, Val MAPE 8.90%
2025-06-06 21:44:35 INFO     MetaEpoch: 2, Target City: chengdu, TestEpoch: 31/50
2025-06-06 21:44:38 INFO     MetaEpoch: 2, Target City: chengdu, TestEpoch: 32/50
2025-06-06 21:44:44 INFO     Test_epoch 32, Horizon 1: Val MAE 2.07730, Val MAPE 8.89%
2025-06-06 21:44:44 INFO     MetaEpoch: 2, Target City: chengdu, TestEpoch: 33/50
2025-06-06 21:44:47 INFO     MetaEpoch: 2, Target City: chengdu, TestEpoch: 34/50
2025-06-06 21:44:52 INFO     Test_epoch 34, Horizon 1: Val MAE 2.08521, Val MAPE 8.66%
2025-06-06 21:44:52 INFO     MetaEpoch: 2, Target City: chengdu, TestEpoch: 35/50
2025-06-06 21:44:55 INFO     MetaEpoch: 2, Target City: chengdu, TestEpoch: 36/50
2025-06-06 21:45:00 INFO     Test_epoch 36, Horizon 1: Val MAE 2.10758, Val MAPE 8.74%
2025-06-06 21:45:00 INFO     MetaEpoch: 2, Target City: chengdu, TestEpoch: 37/50
2025-06-06 21:45:03 INFO     MetaEpoch: 2, Target City: chengdu, TestEpoch: 38/50
2025-06-06 21:45:09 INFO     Test_epoch 38, Horizon 1: Val MAE 2.06337, Val MAPE 8.83%
2025-06-06 21:45:09 INFO     MetaEpoch: 2, Target City: chengdu, TestEpoch: 39/50
2025-06-06 21:45:12 INFO     MetaEpoch: 2, Target City: chengdu, TestEpoch: 40/50
2025-06-06 21:45:17 INFO     Test_epoch 40, Horizon 1: Val MAE 2.13461, Val MAPE 8.88%
2025-06-06 21:45:17 INFO     MetaEpoch: 2, Target City: chengdu, TestEpoch: 41/50
2025-06-06 21:45:20 INFO     MetaEpoch: 2, Target City: chengdu, TestEpoch: 42/50
2025-06-06 21:45:25 INFO     Test_epoch 42, Horizon 1: Val MAE 2.06492, Val MAPE 8.78%
2025-06-06 21:45:25 INFO     MetaEpoch: 2, Target City: chengdu, TestEpoch: 43/50
2025-06-06 21:45:28 INFO     MetaEpoch: 2, Target City: chengdu, TestEpoch: 44/50
2025-06-06 21:45:34 INFO     Test_epoch 44, Horizon 1: Val MAE 2.09533, Val MAPE 8.71%
2025-06-06 21:45:34 INFO     MetaEpoch: 2, Target City: chengdu, TestEpoch: 45/50
2025-06-06 21:45:37 INFO     MetaEpoch: 2, Target City: chengdu, TestEpoch: 46/50
2025-06-06 21:45:42 INFO     Test_epoch 46, Horizon 1: Val MAE 2.09886, Val MAPE 8.72%
2025-06-06 21:45:42 INFO     MetaEpoch: 2, Target City: chengdu, TestEpoch: 47/50
2025-06-06 21:45:45 INFO     MetaEpoch: 2, Target City: chengdu, TestEpoch: 48/50
2025-06-06 21:45:50 INFO     Test_epoch 48, Horizon 1: Val MAE 2.08000, Val MAPE 9.01%
2025-06-06 21:45:50 INFO     MetaEpoch: 2, Target City: chengdu, TestEpoch: 49/50
2025-06-06 21:45:53 INFO     MetaEpoch: 2, Target City: chengdu, TestEpoch: 50/50
2025-06-06 21:45:59 INFO     Test_epoch 50, Horizon 1: Val MAE 2.07468, Val MAPE 8.79%
2025-06-06 21:45:59 INFO     ========== Meta Epoch 3/5 ==========
2025-06-06 21:45:59 INFO     MetaEpoch: 3, City: metr-la, CityEpoch: 1/1
2025-06-06 21:46:37 INFO     MetaEpoch: 3, City: pems-bay, CityEpoch: 1/1
2025-06-06 21:48:03 INFO     MetaEpoch: 3, City: shenzhen, CityEpoch: 1/1
2025-06-06 21:49:00 INFO     MetaEpoch: 3, Target City: chengdu, TestEpoch: 1/50
2025-06-06 21:49:03 INFO     MetaEpoch: 3, Target City: chengdu, TestEpoch: 2/50
2025-06-06 21:49:09 INFO     Test_epoch 2, Horizon 1: Val MAE 2.31785, Val MAPE 9.66%
2025-06-06 21:49:09 INFO     MetaEpoch: 3, Target City: chengdu, TestEpoch: 3/50
2025-06-06 21:49:12 INFO     MetaEpoch: 3, Target City: chengdu, TestEpoch: 4/50
2025-06-06 21:49:17 INFO     Test_epoch 4, Horizon 1: Val MAE 2.98243, Val MAPE 11.75%
2025-06-06 21:49:17 INFO     MetaEpoch: 3, Target City: chengdu, TestEpoch: 5/50
2025-06-06 21:49:20 INFO     MetaEpoch: 3, Target City: chengdu, TestEpoch: 6/50
2025-06-06 21:49:26 INFO     Test_epoch 6, Horizon 1: Val MAE 2.25875, Val MAPE 9.98%
2025-06-06 21:49:26 INFO     MetaEpoch: 3, Target City: chengdu, TestEpoch: 7/50
2025-06-06 21:49:29 INFO     MetaEpoch: 3, Target City: chengdu, TestEpoch: 8/50
2025-06-06 21:49:34 INFO     Test_epoch 8, Horizon 1: Val MAE 2.15666, Val MAPE 9.36%
2025-06-06 21:49:34 INFO     MetaEpoch: 3, Target City: chengdu, TestEpoch: 9/50
2025-06-06 21:49:37 INFO     MetaEpoch: 3, Target City: chengdu, TestEpoch: 10/50
2025-06-06 21:49:42 INFO     Test_epoch 10, Horizon 1: Val MAE 2.14270, Val MAPE 9.27%
2025-06-06 21:49:42 INFO     MetaEpoch: 3, Target City: chengdu, TestEpoch: 11/50
2025-06-06 21:49:45 INFO     MetaEpoch: 3, Target City: chengdu, TestEpoch: 12/50
2025-06-06 21:49:51 INFO     Test_epoch 12, Horizon 1: Val MAE 2.12301, Val MAPE 9.17%
2025-06-06 21:49:51 INFO     MetaEpoch: 3, Target City: chengdu, TestEpoch: 13/50
2025-06-06 21:49:54 INFO     MetaEpoch: 3, Target City: chengdu, TestEpoch: 14/50
2025-06-06 21:49:59 INFO     Test_epoch 14, Horizon 1: Val MAE 2.15336, Val MAPE 9.29%
2025-06-06 21:49:59 INFO     MetaEpoch: 3, Target City: chengdu, TestEpoch: 15/50
2025-06-06 21:50:02 INFO     MetaEpoch: 3, Target City: chengdu, TestEpoch: 16/50
2025-06-06 21:50:07 INFO     Test_epoch 16, Horizon 1: Val MAE 2.21650, Val MAPE 8.98%
2025-06-06 21:50:07 INFO     MetaEpoch: 3, Target City: chengdu, TestEpoch: 17/50
2025-06-06 21:50:10 INFO     MetaEpoch: 3, Target City: chengdu, TestEpoch: 18/50
2025-06-06 21:50:16 INFO     Test_epoch 18, Horizon 1: Val MAE 2.12622, Val MAPE 8.76%
2025-06-06 21:50:16 INFO     MetaEpoch: 3, Target City: chengdu, TestEpoch: 19/50
2025-06-06 21:50:19 INFO     MetaEpoch: 3, Target City: chengdu, TestEpoch: 20/50
2025-06-06 21:50:24 INFO     Test_epoch 20, Horizon 1: Val MAE 2.10735, Val MAPE 8.68%
2025-06-06 21:50:24 INFO     MetaEpoch: 3, Target City: chengdu, TestEpoch: 21/50
2025-06-06 21:50:27 INFO     MetaEpoch: 3, Target City: chengdu, TestEpoch: 22/50
2025-06-06 21:50:32 INFO     Test_epoch 22, Horizon 1: Val MAE 2.07593, Val MAPE 8.63%
2025-06-06 21:50:32 INFO     MetaEpoch: 3, Target City: chengdu, TestEpoch: 23/50
2025-06-06 21:50:35 INFO     MetaEpoch: 3, Target City: chengdu, TestEpoch: 24/50
2025-06-06 21:50:40 INFO     Test_epoch 24, Horizon 1: Val MAE 2.06037, Val MAPE 8.65%
2025-06-06 21:50:40 INFO     MetaEpoch: 3, Target City: chengdu, TestEpoch: 25/50
2025-06-06 21:50:44 INFO     MetaEpoch: 3, Target City: chengdu, TestEpoch: 26/50
2025-06-06 21:50:49 INFO     Test_epoch 26, Horizon 1: Val MAE 2.07582, Val MAPE 8.99%
2025-06-06 21:50:49 INFO     MetaEpoch: 3, Target City: chengdu, TestEpoch: 27/50
2025-06-06 21:50:52 INFO     MetaEpoch: 3, Target City: chengdu, TestEpoch: 28/50
2025-06-06 21:50:57 INFO     Test_epoch 28, Horizon 1: Val MAE 2.18699, Val MAPE 9.76%
2025-06-06 21:50:57 INFO     MetaEpoch: 3, Target City: chengdu, TestEpoch: 29/50
2025-06-06 21:51:00 INFO     MetaEpoch: 3, Target City: chengdu, TestEpoch: 30/50
2025-06-06 21:51:05 INFO     Test_epoch 30, Horizon 1: Val MAE 2.08548, Val MAPE 8.64%
2025-06-06 21:51:05 INFO     MetaEpoch: 3, Target City: chengdu, TestEpoch: 31/50
2025-06-06 21:51:08 INFO     MetaEpoch: 3, Target City: chengdu, TestEpoch: 32/50
2025-06-06 21:51:14 INFO     Test_epoch 32, Horizon 1: Val MAE 2.08432, Val MAPE 8.67%
2025-06-06 21:51:14 INFO     MetaEpoch: 3, Target City: chengdu, TestEpoch: 33/50
2025-06-06 21:51:17 INFO     MetaEpoch: 3, Target City: chengdu, TestEpoch: 34/50
2025-06-06 21:51:22 INFO     Test_epoch 34, Horizon 1: Val MAE 2.09424, Val MAPE 8.69%
2025-06-06 21:51:22 INFO     MetaEpoch: 3, Target City: chengdu, TestEpoch: 35/50
2025-06-06 21:51:25 INFO     MetaEpoch: 3, Target City: chengdu, TestEpoch: 36/50
2025-06-06 21:51:30 INFO     Test_epoch 36, Horizon 1: Val MAE 2.09721, Val MAPE 8.69%
2025-06-06 21:51:30 INFO     MetaEpoch: 3, Target City: chengdu, TestEpoch: 37/50
2025-06-06 21:51:34 INFO     MetaEpoch: 3, Target City: chengdu, TestEpoch: 38/50
2025-06-06 21:51:39 INFO     Test_epoch 38, Horizon 1: Val MAE 2.10458, Val MAPE 8.99%
2025-06-06 21:51:39 INFO     MetaEpoch: 3, Target City: chengdu, TestEpoch: 39/50
2025-06-06 21:51:42 INFO     MetaEpoch: 3, Target City: chengdu, TestEpoch: 40/50
2025-06-06 21:51:47 INFO     Test_epoch 40, Horizon 1: Val MAE 2.16814, Val MAPE 9.22%
2025-06-06 21:51:47 INFO     MetaEpoch: 3, Target City: chengdu, TestEpoch: 41/50
2025-06-06 21:51:50 INFO     MetaEpoch: 3, Target City: chengdu, TestEpoch: 42/50
2025-06-06 21:51:56 INFO     Test_epoch 42, Horizon 1: Val MAE 2.06791, Val MAPE 8.70%
2025-06-06 21:51:56 INFO     MetaEpoch: 3, Target City: chengdu, TestEpoch: 43/50
2025-06-06 21:51:59 INFO     MetaEpoch: 3, Target City: chengdu, TestEpoch: 44/50
2025-06-06 21:52:04 INFO     Test_epoch 44, Horizon 1: Val MAE 2.09955, Val MAPE 8.99%
2025-06-06 21:52:04 INFO     MetaEpoch: 3, Target City: chengdu, TestEpoch: 45/50
2025-06-06 21:52:07 INFO     MetaEpoch: 3, Target City: chengdu, TestEpoch: 46/50
2025-06-06 21:52:12 INFO     Test_epoch 46, Horizon 1: Val MAE 2.17029, Val MAPE 8.90%
2025-06-06 21:52:12 INFO     MetaEpoch: 3, Target City: chengdu, TestEpoch: 47/50
2025-06-06 21:52:16 INFO     MetaEpoch: 3, Target City: chengdu, TestEpoch: 48/50
2025-06-06 21:52:21 INFO     Test_epoch 48, Horizon 1: Val MAE 2.10649, Val MAPE 8.72%
2025-06-06 21:52:21 INFO     MetaEpoch: 3, Target City: chengdu, TestEpoch: 49/50
2025-06-06 21:52:24 INFO     MetaEpoch: 3, Target City: chengdu, TestEpoch: 50/50
2025-06-06 21:52:29 INFO     Test_epoch 50, Horizon 1: Val MAE 2.10245, Val MAPE 8.72%
2025-06-06 21:52:29 INFO     ========== Meta Epoch 4/5 ==========
2025-06-06 21:52:29 INFO     MetaEpoch: 4, City: metr-la, CityEpoch: 1/1
2025-06-06 21:53:08 INFO     MetaEpoch: 4, City: metr-la, Horizon: 1, Val MAE: 2.25266, Val MAPE: 4.71%
2025-06-06 21:53:08 INFO     MetaEpoch: 4, City: pems-bay, CityEpoch: 1/1
2025-06-06 21:54:39 INFO     MetaEpoch: 4, City: pems-bay, Horizon: 1, Val MAE: 0.89238, Val MAPE: 1.52%
2025-06-06 21:54:39 INFO     MetaEpoch: 4, City: shenzhen, CityEpoch: 1/1
2025-06-06 21:55:39 INFO     MetaEpoch: 4, City: shenzhen, Horizon: 1, Val MAE: 1.86751, Val MAPE: 7.24%
2025-06-06 21:55:39 INFO     MetaEpoch: 4, Target City: chengdu, TestEpoch: 1/50
2025-06-06 21:55:42 INFO     MetaEpoch: 4, Target City: chengdu, TestEpoch: 2/50
2025-06-06 21:55:48 INFO     Test_epoch 2, Horizon 1: Val MAE 2.40395, Val MAPE 10.00%
2025-06-06 21:55:48 INFO     MetaEpoch: 4, Target City: chengdu, TestEpoch: 3/50
2025-06-06 21:55:51 INFO     MetaEpoch: 4, Target City: chengdu, TestEpoch: 4/50
2025-06-06 21:55:56 INFO     Test_epoch 4, Horizon 1: Val MAE 2.28539, Val MAPE 9.22%
2025-06-06 21:55:56 INFO     MetaEpoch: 4, Target City: chengdu, TestEpoch: 5/50
2025-06-06 21:55:59 INFO     MetaEpoch: 4, Target City: chengdu, TestEpoch: 6/50
2025-06-06 21:56:04 INFO     Test_epoch 6, Horizon 1: Val MAE 2.19325, Val MAPE 8.89%
2025-06-06 21:56:04 INFO     MetaEpoch: 4, Target City: chengdu, TestEpoch: 7/50
2025-06-06 21:56:07 INFO     MetaEpoch: 4, Target City: chengdu, TestEpoch: 8/50
2025-06-06 21:56:13 INFO     Test_epoch 8, Horizon 1: Val MAE 2.15162, Val MAPE 8.79%
2025-06-06 21:56:13 INFO     MetaEpoch: 4, Target City: chengdu, TestEpoch: 9/50
2025-06-06 21:56:16 INFO     MetaEpoch: 4, Target City: chengdu, TestEpoch: 10/50
2025-06-06 21:56:21 INFO     Test_epoch 10, Horizon 1: Val MAE 2.12409, Val MAPE 8.83%
2025-06-06 21:56:21 INFO     MetaEpoch: 4, Target City: chengdu, TestEpoch: 11/50
2025-06-06 21:56:24 INFO     MetaEpoch: 4, Target City: chengdu, TestEpoch: 12/50
2025-06-06 21:56:30 INFO     Test_epoch 12, Horizon 1: Val MAE 2.10001, Val MAPE 9.28%
2025-06-06 21:56:30 INFO     MetaEpoch: 4, Target City: chengdu, TestEpoch: 13/50
2025-06-06 21:56:33 INFO     MetaEpoch: 4, Target City: chengdu, TestEpoch: 14/50
2025-06-06 21:56:38 INFO     Test_epoch 14, Horizon 1: Val MAE 2.05950, Val MAPE 8.67%
2025-06-06 21:56:38 INFO     MetaEpoch: 4, Target City: chengdu, TestEpoch: 15/50
2025-06-06 21:56:41 INFO     MetaEpoch: 4, Target City: chengdu, TestEpoch: 16/50
2025-06-06 21:56:47 INFO     Test_epoch 16, Horizon 1: Val MAE 2.11985, Val MAPE 8.72%
2025-06-06 21:56:47 INFO     MetaEpoch: 4, Target City: chengdu, TestEpoch: 17/50
2025-06-06 21:56:50 INFO     MetaEpoch: 4, Target City: chengdu, TestEpoch: 18/50
2025-06-06 21:56:55 INFO     Test_epoch 18, Horizon 1: Val MAE 2.15407, Val MAPE 8.79%
2025-06-06 21:56:55 INFO     MetaEpoch: 4, Target City: chengdu, TestEpoch: 19/50
2025-06-06 21:56:58 INFO     MetaEpoch: 4, Target City: chengdu, TestEpoch: 20/50
2025-06-06 21:57:04 INFO     Test_epoch 20, Horizon 1: Val MAE 2.15828, Val MAPE 8.81%
2025-06-06 21:57:04 INFO     MetaEpoch: 4, Target City: chengdu, TestEpoch: 21/50
2025-06-06 21:57:07 INFO     MetaEpoch: 4, Target City: chengdu, TestEpoch: 22/50
2025-06-06 21:57:12 INFO     Test_epoch 22, Horizon 1: Val MAE 2.12684, Val MAPE 8.74%
2025-06-06 21:57:12 INFO     MetaEpoch: 4, Target City: chengdu, TestEpoch: 23/50
2025-06-06 21:57:15 INFO     MetaEpoch: 4, Target City: chengdu, TestEpoch: 24/50
2025-06-06 21:57:20 INFO     Test_epoch 24, Horizon 1: Val MAE 2.14577, Val MAPE 8.80%
2025-06-06 21:57:20 INFO     MetaEpoch: 4, Target City: chengdu, TestEpoch: 25/50
2025-06-06 21:57:23 INFO     MetaEpoch: 4, Target City: chengdu, TestEpoch: 26/50
2025-06-06 21:57:29 INFO     Test_epoch 26, Horizon 1: Val MAE 2.10904, Val MAPE 8.78%
2025-06-06 21:57:29 INFO     MetaEpoch: 4, Target City: chengdu, TestEpoch: 27/50
2025-06-06 21:57:32 INFO     MetaEpoch: 4, Target City: chengdu, TestEpoch: 28/50
2025-06-06 21:57:37 INFO     Test_epoch 28, Horizon 1: Val MAE 2.11250, Val MAPE 9.41%
2025-06-06 21:57:37 INFO     MetaEpoch: 4, Target City: chengdu, TestEpoch: 29/50
2025-06-06 21:57:40 INFO     MetaEpoch: 4, Target City: chengdu, TestEpoch: 30/50
2025-06-06 21:57:45 INFO     Test_epoch 30, Horizon 1: Val MAE 2.10036, Val MAPE 9.11%
2025-06-06 21:57:45 INFO     MetaEpoch: 4, Target City: chengdu, TestEpoch: 31/50
2025-06-06 21:57:49 INFO     MetaEpoch: 4, Target City: chengdu, TestEpoch: 32/50
2025-06-06 21:57:54 INFO     Test_epoch 32, Horizon 1: Val MAE 2.08579, Val MAPE 9.03%
2025-06-06 21:57:54 INFO     MetaEpoch: 4, Target City: chengdu, TestEpoch: 33/50
2025-06-06 21:57:57 INFO     MetaEpoch: 4, Target City: chengdu, TestEpoch: 34/50
2025-06-06 21:58:02 INFO     Test_epoch 34, Horizon 1: Val MAE 2.21652, Val MAPE 9.00%
2025-06-06 21:58:02 INFO     MetaEpoch: 4, Target City: chengdu, TestEpoch: 35/50
2025-06-06 21:58:05 INFO     MetaEpoch: 4, Target City: chengdu, TestEpoch: 36/50
2025-06-06 21:58:11 INFO     Test_epoch 36, Horizon 1: Val MAE 2.11453, Val MAPE 8.70%
2025-06-06 21:58:11 INFO     MetaEpoch: 4, Target City: chengdu, TestEpoch: 37/50
2025-06-06 21:58:14 INFO     MetaEpoch: 4, Target City: chengdu, TestEpoch: 38/50
2025-06-06 21:58:19 INFO     Test_epoch 38, Horizon 1: Val MAE 2.10665, Val MAPE 8.69%
2025-06-06 21:58:19 INFO     MetaEpoch: 4, Target City: chengdu, TestEpoch: 39/50
2025-06-06 21:58:22 INFO     MetaEpoch: 4, Target City: chengdu, TestEpoch: 40/50
2025-06-06 21:58:27 INFO     Test_epoch 40, Horizon 1: Val MAE 2.10413, Val MAPE 8.69%
2025-06-06 21:58:27 INFO     MetaEpoch: 4, Target City: chengdu, TestEpoch: 41/50
2025-06-06 21:58:30 INFO     MetaEpoch: 4, Target City: chengdu, TestEpoch: 42/50
2025-06-06 21:58:36 INFO     Test_epoch 42, Horizon 1: Val MAE 2.10885, Val MAPE 8.71%
2025-06-06 21:58:36 INFO     MetaEpoch: 4, Target City: chengdu, TestEpoch: 43/50
2025-06-06 21:58:39 INFO     MetaEpoch: 4, Target City: chengdu, TestEpoch: 44/50
2025-06-06 21:58:44 INFO     Test_epoch 44, Horizon 1: Val MAE 2.13447, Val MAPE 8.80%
2025-06-06 21:58:44 INFO     MetaEpoch: 4, Target City: chengdu, TestEpoch: 45/50
2025-06-06 21:58:47 INFO     MetaEpoch: 4, Target City: chengdu, TestEpoch: 46/50
2025-06-06 21:58:52 INFO     Test_epoch 46, Horizon 1: Val MAE 2.15025, Val MAPE 9.10%
2025-06-06 21:58:52 INFO     MetaEpoch: 4, Target City: chengdu, TestEpoch: 47/50
2025-06-06 21:58:55 INFO     MetaEpoch: 4, Target City: chengdu, TestEpoch: 48/50
2025-06-06 21:59:01 INFO     Test_epoch 48, Horizon 1: Val MAE 2.07790, Val MAPE 8.66%
2025-06-06 21:59:01 INFO     MetaEpoch: 4, Target City: chengdu, TestEpoch: 49/50
2025-06-06 21:59:04 INFO     MetaEpoch: 4, Target City: chengdu, TestEpoch: 50/50
2025-06-06 21:59:09 INFO     Test_epoch 50, Horizon 1: Val MAE 2.09360, Val MAPE 8.69%
2025-06-06 21:59:09 INFO     ========== Meta Epoch 5/5 ==========
2025-06-06 21:59:09 INFO     MetaEpoch: 5, City: metr-la, CityEpoch: 1/1
2025-06-06 21:59:47 INFO     MetaEpoch: 5, City: pems-bay, CityEpoch: 1/1
2025-06-06 22:01:13 INFO     MetaEpoch: 5, City: shenzhen, CityEpoch: 1/1
2025-06-06 22:02:10 INFO     MetaEpoch: 5, Target City: chengdu, TestEpoch: 1/50
2025-06-06 22:02:13 INFO     MetaEpoch: 5, Target City: chengdu, TestEpoch: 2/50
2025-06-06 22:02:19 INFO     Test_epoch 2, Horizon 1: Val MAE 2.26944, Val MAPE 10.14%
2025-06-06 22:02:19 INFO     MetaEpoch: 5, Target City: chengdu, TestEpoch: 3/50
2025-06-06 22:02:22 INFO     MetaEpoch: 5, Target City: chengdu, TestEpoch: 4/50
2025-06-06 22:02:27 INFO     Test_epoch 4, Horizon 1: Val MAE 2.26706, Val MAPE 9.13%
2025-06-06 22:02:27 INFO     MetaEpoch: 5, Target City: chengdu, TestEpoch: 5/50
2025-06-06 22:02:30 INFO     MetaEpoch: 5, Target City: chengdu, TestEpoch: 6/50
2025-06-06 22:02:36 INFO     Test_epoch 6, Horizon 1: Val MAE 2.15495, Val MAPE 8.80%
2025-06-06 22:02:36 INFO     MetaEpoch: 5, Target City: chengdu, TestEpoch: 7/50
2025-06-06 22:02:39 INFO     MetaEpoch: 5, Target City: chengdu, TestEpoch: 8/50
2025-06-06 22:02:44 INFO     Test_epoch 8, Horizon 1: Val MAE 2.14096, Val MAPE 8.76%
2025-06-06 22:02:44 INFO     MetaEpoch: 5, Target City: chengdu, TestEpoch: 9/50
2025-06-06 22:02:47 INFO     MetaEpoch: 5, Target City: chengdu, TestEpoch: 10/50
2025-06-06 22:02:52 INFO     Test_epoch 10, Horizon 1: Val MAE 2.10242, Val MAPE 8.72%
2025-06-06 22:02:52 INFO     MetaEpoch: 5, Target City: chengdu, TestEpoch: 11/50
2025-06-06 22:02:55 INFO     MetaEpoch: 5, Target City: chengdu, TestEpoch: 12/50
2025-06-06 22:03:01 INFO     Test_epoch 12, Horizon 1: Val MAE 2.16434, Val MAPE 8.87%
2025-06-06 22:03:01 INFO     MetaEpoch: 5, Target City: chengdu, TestEpoch: 13/50
2025-06-06 22:03:04 INFO     MetaEpoch: 5, Target City: chengdu, TestEpoch: 14/50
2025-06-06 22:03:09 INFO     Test_epoch 14, Horizon 1: Val MAE 2.21191, Val MAPE 9.01%
2025-06-06 22:03:09 INFO     MetaEpoch: 5, Target City: chengdu, TestEpoch: 15/50
2025-06-06 22:03:12 INFO     MetaEpoch: 5, Target City: chengdu, TestEpoch: 16/50
2025-06-06 22:03:17 INFO     Test_epoch 16, Horizon 1: Val MAE 2.08471, Val MAPE 8.90%
2025-06-06 22:03:17 INFO     MetaEpoch: 5, Target City: chengdu, TestEpoch: 17/50
2025-06-06 22:03:20 INFO     MetaEpoch: 5, Target City: chengdu, TestEpoch: 18/50
2025-06-06 22:03:26 INFO     Test_epoch 18, Horizon 1: Val MAE 2.06973, Val MAPE 8.60%
2025-06-06 22:03:26 INFO     MetaEpoch: 5, Target City: chengdu, TestEpoch: 19/50
2025-06-06 22:03:29 INFO     MetaEpoch: 5, Target City: chengdu, TestEpoch: 20/50
2025-06-06 22:03:34 INFO     Test_epoch 20, Horizon 1: Val MAE 2.07332, Val MAPE 8.89%
2025-06-06 22:03:34 INFO     MetaEpoch: 5, Target City: chengdu, TestEpoch: 21/50
2025-06-06 22:03:37 INFO     MetaEpoch: 5, Target City: chengdu, TestEpoch: 22/50
2025-06-06 22:03:42 INFO     Test_epoch 22, Horizon 1: Val MAE 2.31769, Val MAPE 10.23%
2025-06-06 22:03:42 INFO     MetaEpoch: 5, Target City: chengdu, TestEpoch: 23/50
2025-06-06 22:03:45 INFO     MetaEpoch: 5, Target City: chengdu, TestEpoch: 24/50
2025-06-06 22:03:51 INFO     Test_epoch 24, Horizon 1: Val MAE 2.17620, Val MAPE 9.42%
2025-06-06 22:03:51 INFO     MetaEpoch: 5, Target City: chengdu, TestEpoch: 25/50
2025-06-06 22:03:54 INFO     MetaEpoch: 5, Target City: chengdu, TestEpoch: 26/50
2025-06-06 22:03:59 INFO     Test_epoch 26, Horizon 1: Val MAE 2.10594, Val MAPE 9.18%
2025-06-06 22:03:59 INFO     MetaEpoch: 5, Target City: chengdu, TestEpoch: 27/50
2025-06-06 22:04:02 INFO     MetaEpoch: 5, Target City: chengdu, TestEpoch: 28/50
2025-06-06 22:04:08 INFO     Test_epoch 28, Horizon 1: Val MAE 2.05860, Val MAPE 8.85%
2025-06-06 22:04:08 INFO     MetaEpoch: 5, Target City: chengdu, TestEpoch: 29/50
2025-06-06 22:04:11 INFO     MetaEpoch: 5, Target City: chengdu, TestEpoch: 30/50
2025-06-06 22:04:16 INFO     Test_epoch 30, Horizon 1: Val MAE 2.06603, Val MAPE 8.75%
2025-06-06 22:04:16 INFO     MetaEpoch: 5, Target City: chengdu, TestEpoch: 31/50
2025-06-06 22:04:19 INFO     MetaEpoch: 5, Target City: chengdu, TestEpoch: 32/50
2025-06-06 22:04:25 INFO     Test_epoch 32, Horizon 1: Val MAE 2.07393, Val MAPE 8.63%
2025-06-06 22:04:25 INFO     MetaEpoch: 5, Target City: chengdu, TestEpoch: 33/50
2025-06-06 22:04:28 INFO     MetaEpoch: 5, Target City: chengdu, TestEpoch: 34/50
2025-06-06 22:04:33 INFO     Test_epoch 34, Horizon 1: Val MAE 2.08721, Val MAPE 8.72%
2025-06-06 22:04:33 INFO     MetaEpoch: 5, Target City: chengdu, TestEpoch: 35/50
2025-06-06 22:04:36 INFO     MetaEpoch: 5, Target City: chengdu, TestEpoch: 36/50
2025-06-06 22:04:41 INFO     Test_epoch 36, Horizon 1: Val MAE 2.11963, Val MAPE 9.23%
2025-06-06 22:04:41 INFO     MetaEpoch: 5, Target City: chengdu, TestEpoch: 37/50
2025-06-06 22:04:44 INFO     MetaEpoch: 5, Target City: chengdu, TestEpoch: 38/50
2025-06-06 22:04:50 INFO     Test_epoch 38, Horizon 1: Val MAE 2.06648, Val MAPE 8.87%
2025-06-06 22:04:50 INFO     MetaEpoch: 5, Target City: chengdu, TestEpoch: 39/50
2025-06-06 22:04:53 INFO     MetaEpoch: 5, Target City: chengdu, TestEpoch: 40/50
2025-06-06 22:04:58 INFO     Test_epoch 40, Horizon 1: Val MAE 2.09571, Val MAPE 8.92%
2025-06-06 22:04:58 INFO     MetaEpoch: 5, Target City: chengdu, TestEpoch: 41/50
2025-06-06 22:05:01 INFO     MetaEpoch: 5, Target City: chengdu, TestEpoch: 42/50
2025-06-06 22:05:06 INFO     Test_epoch 42, Horizon 1: Val MAE 2.12875, Val MAPE 9.38%
2025-06-06 22:05:06 INFO     MetaEpoch: 5, Target City: chengdu, TestEpoch: 43/50
2025-06-06 22:05:09 INFO     MetaEpoch: 5, Target City: chengdu, TestEpoch: 44/50
2025-06-06 22:05:15 INFO     Test_epoch 44, Horizon 1: Val MAE 2.07091, Val MAPE 8.93%
2025-06-06 22:05:15 INFO     MetaEpoch: 5, Target City: chengdu, TestEpoch: 45/50
2025-06-06 22:05:18 INFO     MetaEpoch: 5, Target City: chengdu, TestEpoch: 46/50
2025-06-06 22:05:23 INFO     Test_epoch 46, Horizon 1: Val MAE 2.11061, Val MAPE 9.06%
2025-06-06 22:05:23 INFO     MetaEpoch: 5, Target City: chengdu, TestEpoch: 47/50
2025-06-06 22:05:26 INFO     MetaEpoch: 5, Target City: chengdu, TestEpoch: 48/50
2025-06-06 22:05:31 INFO     Test_epoch 48, Horizon 1: Val MAE 2.07742, Val MAPE 8.75%
2025-06-06 22:05:31 INFO     MetaEpoch: 5, Target City: chengdu, TestEpoch: 49/50
2025-06-06 22:05:34 INFO     MetaEpoch: 5, Target City: chengdu, TestEpoch: 50/50
2025-06-06 22:05:39 INFO     Test_epoch 50, Horizon 1: Val MAE 2.20753, Val MAPE 9.62%
2025-06-06 22:05:40 INFO     ========== Final Evaluation ==========
2025-06-06 22:05:40 INFO     Loaded best model for final evaluation
2025-06-06 22:05:42 INFO     ========== Validation Results (基于原始尺度) ==========
2025-06-06 22:05:42 INFO     Horizon 1: MAE=2.062, MAPE=8.623%, MSE=8.918, RMSE=2.986
2025-06-06 22:05:42 INFO     ========== Test Results with Statistical Significance (基于原始尺度) ==========
/datad/anaconda3/envs/yangy_env/lib/python3.10/site-packages/scipy/stats/_distn_infrastructure.py:2285: RuntimeWarning: invalid value encountered in multiply
  lower_bound = _a * scale + loc
/datad/anaconda3/envs/yangy_env/lib/python3.10/site-packages/scipy/stats/_distn_infrastructure.py:2286: RuntimeWarning: invalid value encountered in multiply
  upper_bound = _b * scale + loc
2025-06-06 22:06:04 INFO     Horizon 1:
2025-06-06 22:06:04 INFO       MAE: 2.021 ± 0.000
2025-06-06 22:06:04 INFO       MAPE: 8.792 ± 0.000
2025-06-06 22:06:04 INFO       MSE: 8.798 ± 0.000
2025-06-06 22:06:04 INFO       RMSE: 2.9142.91 ± 0.000
2025-06-06 22:06:04 INFO     Training completed successfully!
2025-06-06 22:06:04 INFO     🎯 所有评估指标都基于反归一化后的原始数据尺度
Horizon 1 MAE: 2.021 ± 0.000 (95% CI: [nan, nan])
Horizon 1 MSE: 8.798 ± 0.000 (95% CI: [nan, nan])
Horizon 1 RMSE: 2.914 ± 0.000 (95% CI: [nan, nan])
Horizon 1 MAPE: 8.792 ± 0.000 (95% CI: [nan, nan])
